<?xml version="1.0" encoding="UTF-8"?>
<testng-results ignored="3" total="5" passed="2" failed="0" skipped="0">
  <reporter-output>
  </reporter-output>
  <suite started-at="2024-10-28T19:08:37 IST" name="Suite" finished-at="2024-10-28T19:09:06 IST" duration-ms="29640">
    <groups>
      <group name="Purchase">
        <method signature="SubmitOrderTest.submitOrder(java.util.HashMap)[pri:0, instance:rahulshettyacademy.tests.SubmitOrderTest@359df09a]" name="submitOrder" class="rahulshettyacademy.tests.SubmitOrderTest"/>
      </group> <!-- Purchase -->
    </groups>
    <test started-at="2024-10-28T19:08:37 IST" name="Error Validations Test" finished-at="2024-10-28T19:08:37 IST" duration-ms="16">
    </test> <!-- Error Validations Test -->
    <test started-at="2024-10-28T19:08:37 IST" name="Submit Order Test" finished-at="2024-10-28T19:09:06 IST" duration-ms="29640">
      <class name="rahulshettyacademy.tests.SubmitOrderTest">
        <test-method is-config="true" signature="launchApplication()[pri:0, instance:rahulshettyacademy.tests.SubmitOrderTest@359df09a]" started-at="2024-10-28T19:08:37 IST" name="launchApplication" finished-at="2024-10-28T19:08:43 IST" duration-ms="6490" status="PASS">
          <reporter-output>
          </reporter-output>
        </test-method> <!-- launchApplication -->
        <test-method signature="submitOrder(java.util.HashMap)[pri:0, instance:rahulshettyacademy.tests.SubmitOrderTest@359df09a]" started-at="2024-10-28T19:08:43 IST" name="submitOrder" data-provider="getData" finished-at="2024-10-28T19:08:51 IST" duration-ms="7413" status="PASS">
          <params>
            <param index="0">
              <value>
                <![CDATA[{password=Iamking@000, product=ZARA COAT 3, email=anshika@gmail.com}]]>
              </value>
            </param>
          </params>
          <reporter-output>
          </reporter-output>
        </test-method> <!-- submitOrder -->
        <test-method is-config="true" signature="tearDown()[pri:0, instance:rahulshettyacademy.tests.SubmitOrderTest@359df09a]" started-at="2024-10-28T19:08:51 IST" name="tearDown" finished-at="2024-10-28T19:08:52 IST" duration-ms="1381" status="PASS">
          <reporter-output>
          </reporter-output>
        </test-method> <!-- tearDown -->
        <test-method is-config="true" signature="launchApplication()[pri:0, instance:rahulshettyacademy.tests.SubmitOrderTest@359df09a]" started-at="2024-10-28T19:08:52 IST" name="launchApplication" finished-at="2024-10-28T19:08:57 IST" duration-ms="4866" status="PASS">
          <reporter-output>
          </reporter-output>
        </test-method> <!-- launchApplication -->
        <test-method signature="submitOrder(java.util.HashMap)[pri:0, instance:rahulshettyacademy.tests.SubmitOrderTest@359df09a]" started-at="2024-10-28T19:08:57 IST" name="submitOrder" data-provider="getData" finished-at="2024-10-28T19:09:05 IST" duration-ms="7844" status="PASS">
          <params>
            <param index="0">
              <value>
                <![CDATA[{password=Iamking@000, product=ADIDAS ORIGINAL, email=shetty@gmail.com}]]>
              </value>
            </param>
          </params>
          <reporter-output>
          </reporter-output>
        </test-method> <!-- submitOrder -->
        <test-method is-config="true" signature="tearDown()[pri:0, instance:rahulshettyacademy.tests.SubmitOrderTest@359df09a]" started-at="2024-10-28T19:09:05 IST" name="tearDown" finished-at="2024-10-28T19:09:06 IST" duration-ms="1397" status="PASS">
          <reporter-output>
          </reporter-output>
        </test-method> <!-- tearDown -->
      </class> <!-- rahulshettyacademy.tests.SubmitOrderTest -->
    </test> <!-- Submit Order Test -->
  </suite> <!-- Suite -->
</testng-results>
