<?xml version="1.0" encoding="UTF-8"?>
<testng-results ignored="3" total="4" passed="1" failed="0" skipped="0">
  <reporter-output>
  </reporter-output>
  <suite started-at="2024-10-29T11:06:29 IST" name="Suite" finished-at="2024-10-29T11:06:35 IST" duration-ms="5551">
    <groups>
      <group name="ErrorHandling">
        <method signature="ErrorValidationsTest.LoginErrorValidation()[pri:0, instance:rahulshettyacademy.tests.ErrorValidationsTest@5c7bfdc1]" name="LoginErrorValidation" class="rahulshettyacademy.tests.ErrorValidationsTest"/>
      </group> <!-- ErrorHandling -->
    </groups>
    <test started-at="2024-10-29T11:06:29 IST" name="Submit Order Test" finished-at="2024-10-29T11:06:29 IST" duration-ms="16">
    </test> <!-- Submit Order Test -->
    <test started-at="2024-10-29T11:06:29 IST" name="Error Validations Test" finished-at="2024-10-29T11:06:35 IST" duration-ms="5551">
      <class name="rahulshettyacademy.tests.ErrorValidationsTest">
        <test-method is-config="true" signature="launchApplication()[pri:0, instance:rahulshettyacademy.tests.ErrorValidationsTest@5c7bfdc1]" started-at="2024-10-29T11:06:29 IST" name="launchApplication" finished-at="2024-10-29T11:06:32 IST" duration-ms="2985" status="PASS">
          <reporter-output>
          </reporter-output>
        </test-method> <!-- launchApplication -->
        <test-method signature="LoginErrorValidation()[pri:0, instance:rahulshettyacademy.tests.ErrorValidationsTest@5c7bfdc1]" started-at="2024-10-29T11:06:32 IST" name="LoginErrorValidation" finished-at="2024-10-29T11:06:33 IST" duration-ms="974" status="PASS">
          <reporter-output>
          </reporter-output>
        </test-method> <!-- LoginErrorValidation -->
        <test-method is-config="true" signature="tearDown()[pri:0, instance:rahulshettyacademy.tests.ErrorValidationsTest@5c7bfdc1]" started-at="2024-10-29T11:06:33 IST" name="tearDown" finished-at="2024-10-29T11:06:35 IST" duration-ms="1543" status="PASS">
          <reporter-output>
          </reporter-output>
        </test-method> <!-- tearDown -->
      </class> <!-- rahulshettyacademy.tests.ErrorValidationsTest -->
    </test> <!-- Error Validations Test -->
  </suite> <!-- Suite -->
</testng-results>
